CameraXOpenGL/app/build/intermediates/manifest_merge_blame_file/debug/manifest-merger-blame-debug-report.txt
1<?xml version="1.0" encoding="utf-8"?>
2<manifest xmlns:android="http://schemas.android.com/apk/res/android"
3    package="com.example.cameraxopengl"
4    android:versionCode="1"
5    android:versionName="1.0" >
6
7    <uses-sdk
8        android:minSdkVersion="28"
8-->src\main\AndroidManifest.xml
9        android:targetSdkVersion="29" />
9-->src\main\AndroidManifest.xml
10
11    <uses-permission android:name="android.permission.CAMERA" />
11-->src\main\AndroidManifest.xml:5:5-64
11-->src\main\AndroidManifest.xml:5:22-62
12
13    <uses-feature android:name="android.hardware.camera2" />
13-->src\main\AndroidManifest.xml:6:5-60
13-->src\main\AndroidManifest.xml:6:19-58
14    <uses-feature
14-->src\main\AndroidManifest.xml:7:5-78
15        android:glEsVersion="0x00030001"
15-->src\main\AndroidManifest.xml:7:19-51
16        android:required="true" />
16-->src\main\AndroidManifest.xml:7:52-75
17
18    <application
18-->src\main\AndroidManifest.xml:9:5-23:19
19        android:allowBackup="true"
19-->src\main\AndroidManifest.xml:10:9-35
20        android:appComponentFactory="androidx.core.app.CoreComponentFactory"
20-->[androidx.core:core:1.1.0] AndroidManifest.xml:24:18-86
21        android:debuggable="true"
22        android:extractNativeLibs="false"
23        android:icon="@mipmap/ic_launcher"
23-->src\main\AndroidManifest.xml:11:9-43
24        android:label="@string/app_name"
24-->src\main\AndroidManifest.xml:12:9-41
25        android:roundIcon="@mipmap/ic_launcher_round"
25-->src\main\AndroidManifest.xml:13:9-54
26        android:supportsRtl="true"
26-->src\main\AndroidManifest.xml:14:9-35
27        android:testOnly="true"
28        android:theme="@style/AppTheme" >
28-->src\main\AndroidManifest.xml:15:9-40
29        <activity
29-->src\main\AndroidManifest.xml:16:9-22:20
30            android:name="com.example.cameraxopengl.MainActivity"
30-->src\main\AndroidManifest.xml:16:19-47
31            android:screenOrientation="landscape" >
31-->src\main\AndroidManifest.xml:16:48-85
32            <intent-filter>
32-->src\main\AndroidManifest.xml:17:13-21:29
33                <action android:name="android.intent.action.MAIN" />
33-->src\main\AndroidManifest.xml:18:17-69
33-->src\main\AndroidManifest.xml:18:25-66
34
35                <category android:name="android.intent.category.LAUNCHER" />
35-->src\main\AndroidManifest.xml:20:17-77
35-->src\main\AndroidManifest.xml:20:27-74
36            </intent-filter>
37        </activity>
38
39        <uses-library
39-->[androidx.camera:camera-extensions:1.0.0-alpha08] AndroidManifest.xml:25:9-27:40
40            android:name="androidx.camera.extensions.impl"
40-->[androidx.camera:camera-extensions:1.0.0-alpha08] AndroidManifest.xml:26:13-59
41            android:required="false" />
41-->[androidx.camera:camera-extensions:1.0.0-alpha08] AndroidManifest.xml:27:13-37
42    </application>
43
44</manifest>